2017-05-12 12:29:48,237 - MainProcess - [INFO] os_utils: Disabling idle sleep not supported on this OS version.
2017-05-12 12:29:48,537 - world - [INFO] world: System Info: User: horacekv, Platform: Linux, Machine: horacekv-GE72-2QC, Release: 4.8.0-45-generic, Version: #48~16.04.1-Ubuntu SMP Fri Mar 24 12:46:56 UTC 2017
2017-05-12 12:29:48,538 - world - [INFO] pupil_detectors.build: Building extention modules...
2017-05-12 12:29:48,867 - world - [INFO] calibration_routines.optimization_calibration.build: Building extention modules...
2017-05-12 12:29:50,597 - world - [INFO] plugin: Loaded: UVC_Source
2017-05-12 12:29:50,598 - world - [INFO] plugin: Loaded: Pupil_Data_Relay
2017-05-12 12:29:50,598 - world - [INFO] plugin: Loaded: Dummy_Gaze_Mapper
2017-05-12 12:29:50,599 - world - [INFO] plugin: Loaded: Screen_Marker_Calibration
2017-05-12 12:29:50,600 - world - [INFO] plugin: Loaded: Pupil_Remote
2017-05-12 12:29:50,600 - world - [WARNING] world: Process started.
2017-05-12 12:29:50,953 - eye0 - [INFO] pupil_detectors.build: Building extention modules...
2017-05-12 12:29:51,727 - world - [WARNING] plugin: Pupil_Remote: Update will be deprecated soon. Use 'recent_events instead.'
2017-05-12 12:29:51,727 - world - [WARNING] plugin: Dummy_Gaze_Mapper: Update will be deprecated soon. Use 'recent_events instead.'
2017-05-12 12:29:51,809 - eye0 - [WARNING] eye: Process started.
2017-05-12 12:30:17,576 - world - [INFO] calibration_routines.screen_marker_calibration: Starting Calibration
2017-05-12 12:30:30,817 - world - [INFO] calibration_routines.screen_marker_calibration: Stopping Calibration
2017-05-12 12:30:30,818 - world - [INFO] calibration_routines.camera_intrinsics_estimation: Loaded pre recorded calibration for Pupil Cam1 ID2@(1280, 720).
2017-05-12 12:30:30,820 - world - [INFO] calibration_routines.finish_calibration: Collected 78 monocular calibration data.
2017-05-12 12:30:30,820 - world - [INFO] calibration_routines.finish_calibration: Collected 0 binocular calibration data.
2017-05-12 12:30:30,884 - world - [INFO] plugin: Loaded: Vector_Gaze_Mapper
2017-05-12 12:30:30,896 - world - [WARNING] plugin: Vector_Gaze_Mapper: Update will be deprecated soon. Use 'recent_events instead.'
2017-05-12 12:31:26,333 - world - [INFO] calibration_routines.screen_marker_calibration: Starting Calibration
2017-05-12 12:31:45,343 - world - [INFO] calibration_routines.screen_marker_calibration: Stopping Calibration
2017-05-12 12:31:45,343 - world - [INFO] calibration_routines.camera_intrinsics_estimation: Loaded pre recorded calibration for Pupil Cam1 ID2@(1280, 720).
2017-05-12 12:31:45,346 - world - [INFO] calibration_routines.finish_calibration: Collected 153 monocular calibration data.
2017-05-12 12:31:45,346 - world - [INFO] calibration_routines.finish_calibration: Collected 0 binocular calibration data.
2017-05-12 12:31:45,459 - world - [INFO] plugin: Loaded: Vector_Gaze_Mapper
2017-05-12 12:31:45,487 - world - [WARNING] plugin: Vector_Gaze_Mapper: Update will be deprecated soon. Use 'recent_events instead.'
2017-05-12 12:31:47,347 - world - [INFO] calibration_routines.screen_marker_calibration: Starting Calibration
2017-05-12 12:31:59,382 - world - [INFO] calibration_routines.screen_marker_calibration: Stopping Calibration
2017-05-12 12:31:59,383 - world - [INFO] calibration_routines.camera_intrinsics_estimation: Loaded pre recorded calibration for Pupil Cam1 ID2@(1280, 720).
2017-05-12 12:31:59,386 - world - [INFO] calibration_routines.finish_calibration: Collected 156 monocular calibration data.
2017-05-12 12:31:59,386 - world - [INFO] calibration_routines.finish_calibration: Collected 0 binocular calibration data.
2017-05-12 12:31:59,489 - world - [INFO] plugin: Loaded: Vector_Gaze_Mapper
2017-05-12 12:31:59,510 - world - [WARNING] plugin: Vector_Gaze_Mapper: Update will be deprecated soon. Use 'recent_events instead.'
2017-05-12 12:33:38,060 - world - [INFO] calibration_routines.screen_marker_calibration: Starting Calibration
2017-05-12 12:33:50,467 - world - [INFO] calibration_routines.screen_marker_calibration: Stopping Calibration
2017-05-12 12:33:50,468 - world - [INFO] calibration_routines.camera_intrinsics_estimation: Loaded pre recorded calibration for Pupil Cam1 ID2@(1280, 720).
2017-05-12 12:33:50,471 - world - [INFO] calibration_routines.finish_calibration: Collected 195 monocular calibration data.
2017-05-12 12:33:50,471 - world - [INFO] calibration_routines.finish_calibration: Collected 0 binocular calibration data.
2017-05-12 12:33:50,598 - world - [INFO] plugin: Loaded: Vector_Gaze_Mapper
2017-05-12 12:33:50,628 - world - [WARNING] plugin: Vector_Gaze_Mapper: Update will be deprecated soon. Use 'recent_events instead.'
