2017-05-02 13:14:12,494 - MainProcess - [INFO] os_utils: Disabling idle sleep not supported on this OS version.
2017-05-02 13:14:12,815 - world - [INFO] world: Application Version: 1.0
2017-05-02 13:14:12,815 - world - [INFO] world: System Info: User: horacekv, Platform: Linux, Machine: horacekv-GE72-2QC, Release: 4.8.0-45-generic, Version: #48~16.04.1-Ubuntu SMP Fri Mar 24 12:46:56 UTC 2017
2017-05-02 13:14:12,816 - world - [INFO] pupil_detectors.build: Building extention modules...
2017-05-02 13:14:13,123 - world - [INFO] calibration_routines.optimization_calibration.build: Building extention modules...
2017-05-02 13:14:14,738 - world - [INFO] plugin: Loaded: UVC_Source
2017-05-02 13:14:14,738 - world - [INFO] plugin: Loaded: Pupil_Data_Relay
2017-05-02 13:14:14,738 - world - [INFO] plugin: Loaded: Dummy_Gaze_Mapper
2017-05-02 13:14:14,739 - world - [INFO] plugin: Loaded: Screen_Marker_Calibration
2017-05-02 13:14:14,739 - world - [INFO] plugin: Loaded: Pupil_Remote
2017-05-02 13:14:14,740 - world - [WARNING] world: Process started.
2017-05-02 13:14:14,873 - world - [WARNING] plugin: Pupil_Remote: Update will be deprecated soon. Use 'recent_events instead.'
2017-05-02 13:14:14,873 - world - [WARNING] plugin: Dummy_Gaze_Mapper: Update will be deprecated soon. Use 'recent_events instead.'
2017-05-02 13:14:15,113 - eye0 - [INFO] pupil_detectors.build: Building extention modules...
2017-05-02 13:14:15,902 - eye0 - [WARNING] eye: Process started.
2017-05-02 13:14:19,801 - world - [INFO] calibration_routines.screen_marker_calibration: Starting Calibration
2017-05-02 13:14:31,704 - world - [INFO] calibration_routines.screen_marker_calibration: Stopping Calibration
2017-05-02 13:14:31,706 - world - [INFO] calibration_routines.camera_intrinsics_estimation: Loaded pre recorded calibration for Pupil Cam1 ID2@(1280, 720).
2017-05-02 13:14:31,709 - world - [INFO] calibration_routines.finish_calibration: Collected 138 monocular calibration data.
2017-05-02 13:14:31,709 - world - [INFO] calibration_routines.finish_calibration: Collected 0 binocular calibration data.
2017-05-02 13:14:31,821 - world - [INFO] plugin: Loaded: Vector_Gaze_Mapper
2017-05-02 13:14:31,843 - world - [WARNING] plugin: Vector_Gaze_Mapper: Update will be deprecated soon. Use 'recent_events instead.'
